app/build/outputs/logs/manifest-merger-debug-report.txt
-- Merging decision tree log ---
manifest
ADDED from src/main/AndroidManifest.xml:1:1-33:12
	package
		ADDED from src/main/AndroidManifest.xml:2:5-27
		INJECTED from src/main/AndroidManifest.xml
		INJECTED from src/main/AndroidManifest.xml
	android:versionName
		ADDED from src/main/AndroidManifest.xml:4:5-30
		INJECTED from src/main/AndroidManifest.xml
		INJECTED from src/main/AndroidManifest.xml
	android:versionCode
		ADDED from src/main/AndroidManifest.xml:3:5-28
		INJECTED from src/main/AndroidManifest.xml
		INJECTED from src/main/AndroidManifest.xml
	xmlns:android
		ADDED from src/main/AndroidManifest.xml:1:11-69
uses-sdk
ADDED from src/main/AndroidManifest.xml:6:5-74
MERGED from [Jumper Game Tutorial 2:andEnginePhysicsBox2DExtension:unspecified] AndroidManifest.xml:7:5-9:41
MERGED from [Jumper Game Tutorial 2:andEngine:unspecified] AndroidManifest.xml:7:5-9:41
	android:targetSdkVersion
		ADDED from src/main/AndroidManifest.xml:6:42-71
		INJECTED from src/main/AndroidManifest.xml
		INJECTED from src/main/AndroidManifest.xml
	android:minSdkVersion
		ADDED from src/main/AndroidManifest.xml:6:15-41
		INJECTED from src/main/AndroidManifest.xml
		INJECTED from src/main/AndroidManifest.xml
uses-permission#android.permission.WAKE_LOCK
ADDED from src/main/AndroidManifest.xml:8:2-65
	android:name
		ADDED from src/main/AndroidManifest.xml:8:19-62
uses-permission#android.permission.VIBRATE
ADDED from src/main/AndroidManifest.xml:9:2-62
	android:name
		ADDED from src/main/AndroidManifest.xml:9:19-60
uses-permission#android.permission.INTERNET
ADDED from src/main/AndroidManifest.xml:10:2-63
	android:name
		ADDED from src/main/AndroidManifest.xml:10:19-61
uses-permission#android.permission.ACCESS_NETWORK_STATE
ADDED from src/main/AndroidManifest.xml:11:2-75
	android:name
		ADDED from src/main/AndroidManifest.xml:11:19-73
uses-permission#android.permission.READ_PHONE_STATE
ADDED from src/main/AndroidManifest.xml:12:2-72
	android:name
		ADDED from src/main/AndroidManifest.xml:12:19-69
application
ADDED from src/main/AndroidManifest.xml:14:5-31:19
	android:label
		ADDED from src/main/AndroidManifest.xml:16:9-41
	android:icon
		ADDED from src/main/AndroidManifest.xml:17:9-45
	android:theme
		ADDED from src/main/AndroidManifest.xml:18:9-40
activity#com.matimdev.GameActivity
ADDED from src/main/AndroidManifest.xml:20:9-29:20
	android:screenOrientation
		ADDED from src/main/AndroidManifest.xml:24:13-50
	android:label
		ADDED from src/main/AndroidManifest.xml:22:13-45
	android:configChanges
		ADDED from src/main/AndroidManifest.xml:23:4-121
	android:name
		ADDED from src/main/AndroidManifest.xml:21:13-41
intent-filter#android.intent.action.MAIN+android.intent.category.LAUNCHER
ADDED from src/main/AndroidManifest.xml:25:13-28:29
action#android.intent.action.MAIN
ADDED from src/main/AndroidManifest.xml:26:17-69
	android:name
		ADDED from src/main/AndroidManifest.xml:26:25-66
category#android.intent.category.LAUNCHER
ADDED from src/main/AndroidManifest.xml:27:17-77
	android:name
		ADDED from src/main/AndroidManifest.xml:27:27-74
uses-feature#0x00020000
ADDED from [Jumper Game Tutorial 2:andEngine:unspecified] AndroidManifest.xml:11:5-13:35
	android:glEsVersion
		ADDED from [Jumper Game Tutorial 2:andEngine:unspecified] AndroidManifest.xml:12:9-41
	android:required
		ADDED from [Jumper Game Tutorial 2:andEngine:unspecified] AndroidManifest.xml:13:9-32